[0m[[0m[0mdebug[0m] [0m[0m> Exec(;Test/compile; collectAnalyses, None, Some(CommandSource(network-1)))[0m
[0m[[0m[0mdebug[0m] [0m[0munmatched Processing event for requestId None: None[0m
[0m[[0m[0mdebug[0m] [0m[0munmatched Done event for requestId None: None[0m
[0m[[0m[0mdebug[0m] [0m[0m> Exec(Test/compile, None, Some(CommandSource(network-1)))[0m
[0m[[0m[0mdebug[0m] [0m[0munmatched Processing event for requestId None: None[0m
[0m[[0m[0mdebug[0m] [0m[0mEvaluating tasks: Test / compile[0m
[0m[[0m[0mdebug[0m] [0m[0mRunning task... Cancel: Signal, check cycles: false, forcegc: true[0m
[0m[[0m[0mdebug[0m] [0m[0mjsonRpcNotify: JsonRpcNotificationMessage(2.0, build/taskStart, {"taskId":{"id":"16","parents":[]},"eventTime":1670134007556,"message":"Compiling streamhandler","dataKind":"compile-task","data":{"target":{"uri":"file:/home/trungdq/StreamHandler/#streamhandler/Compile"}}})[0m
[0m[[0m[0mdebug[0m] [0m[0mjsonRpcNotify: JsonRpcNotificationMessage(2.0, build/taskFinish, {"taskId":{"id":"16","parents":[]},"eventTime":1670134007600,"message":"Compiled streamhandler","status":1,"dataKind":"compile-report","data":{"target":{"uri":"file:/home/trungdq/StreamHandler/#streamhandler/Compile"},"errors":0,"warnings":0,"time":44}})[0m
[0m[[0m[0mdebug[0m] [0m[0mjsonRpcNotify: JsonRpcNotificationMessage(2.0, build/taskStart, {"taskId":{"id":"17","parents":[]},"eventTime":1670134007673,"message":"Compiling streamhandler-test","dataKind":"compile-task","data":{"target":{"uri":"file:/home/trungdq/StreamHandler/#streamhandler/Test"}}})[0m
[0m[[0m[0mdebug[0m] [0m[0mjsonRpcNotify: JsonRpcNotificationMessage(2.0, build/taskFinish, {"taskId":{"id":"17","parents":[]},"eventTime":1670134007719,"message":"Compiled streamhandler-test","status":1,"dataKind":"compile-report","data":{"target":{"uri":"file:/home/trungdq/StreamHandler/#streamhandler/Test"},"errors":0,"warnings":0,"time":46}})[0m
[0m[[0m[32msuccess[0m] [0m[0mTotal time: 1 s, completed Dec 4, 2022 1:06:47 PM[0m
[0m[[0m[0mdebug[0m] [0m[0munmatched Done event for requestId None: None[0m
[0m[[0m[0mdebug[0m] [0m[0m> Exec(collectAnalyses, None, Some(CommandSource(network-1)))[0m
[0m[[0m[0mdebug[0m] [0m[0munmatched Processing event for requestId None: None[0m
[0m[[0m[0mdebug[0m] [0m[0mEvaluating tasks: Compile / collectAnalyses[0m
[0m[[0m[0mdebug[0m] [0m[0mRunning task... Cancel: Signal, check cycles: false, forcegc: true[0m
[0m[[0m[0mdebug[0m] [0m[0manalysis location (/home/trungdq/StreamHandler/target/scala-2.12/zinc/inc_compile_2.12.zip,true)[0m
[0m[[0m[32msuccess[0m] [0m[0mTotal time: 0 s, completed Dec 4, 2022 1:06:48 PM[0m
[0m[[0m[0mdebug[0m] [0m[0munmatched Done event for requestId None: None[0m
[0m[[0m[0mdebug[0m] [0m[0m> Exec(shell, None, None)[0m
[0m[[0m[0mdebug[0m] [0m[0mForcing garbage collection...[0m
[0m[[0m[33mwarn[0m] [0m[0mIn the last 604 seconds, 6.029 (1.0%) were spent in GC. [Heap: 0.89GB free of 0.97GB, max 0.97GB] Consider increasing the JVM heap using `-Xmx` or try a different collector, e.g. `-XX:+UseG1GC`, for better performance.[0m
