[0m[[0m[0mdebug[0m] [0m[0m> Exec(;Test/compile; collectAnalyses, None, Some(CommandSource(network-1)))[0m
[0m[[0m[0mdebug[0m] [0m[0munmatched Processing event for requestId None: None[0m
[0m[[0m[0mdebug[0m] [0m[0munmatched Done event for requestId None: None[0m
[0m[[0m[0mdebug[0m] [0m[0m> Exec(Test/compile, None, Some(CommandSource(network-1)))[0m
[0m[[0m[0mdebug[0m] [0m[0munmatched Processing event for requestId None: None[0m
[0m[[0m[0mdebug[0m] [0m[0mEvaluating tasks: Test / compile[0m
[0m[[0m[0mdebug[0m] [0m[0mRunning task... Cancel: Signal, check cycles: false, forcegc: true[0m
[0m[[0m[0mdebug[0m] [0m[0mjsonRpcNotify: JsonRpcNotificationMessage(2.0, build/taskStart, {"taskId":{"id":"5","parents":[]},"eventTime":1670135944453,"message":"Compiling streamhandler","dataKind":"compile-task","data":{"target":{"uri":"file:/home/trungdq/StreamHandler/#streamhandler/Compile"}}})[0m
[0m[[0m[0minfo[0m] [0m[0mcompiling 1 Scala source to /home/trungdq/StreamHandler/target/scala-2.12/classes ...[0m
[0m[[0m[0mdebug[0m] [0m[0mjsonRpcNotify: JsonRpcNotificationMessage(2.0, build/logMessage, {"type":3,"message":"compiling 1 Scala source to /home/trungdq/StreamHandler/target/scala-2.12/classes ..."})[0m
[0m[[0m[0mdebug[0m] [0m[0mjsonRpcNotify: JsonRpcNotificationMessage(2.0, build/taskProgress, {"taskId":{"id":"5","parents":[]},"eventTime":1670135945814,"message":"Compiling streamhandler (15%)","total":26,"progress":15,"dataKind":"compile-progress","data":{"target":{"uri":"file:/home/trungdq/StreamHandler/#streamhandler/Compile"}}})[0m
[0m[[0m[0mdebug[0m] [0m[0mjsonRpcNotify: JsonRpcNotificationMessage(2.0, build/taskProgress, {"taskId":{"id":"5","parents":[]},"eventTime":1670135945818,"message":"Compiling streamhandler (15%)","total":26,"progress":15,"dataKind":"compile-progress","data":{"target":{"uri":"file:/home/trungdq/StreamHandler/#streamhandler/Compile"}}})[0m
[0m[[0m[0mdebug[0m] [0m[0mjsonRpcNotify: JsonRpcNotificationMessage(2.0, build/taskProgress, {"taskId":{"id":"5","parents":[]},"eventTime":1670135945832,"message":"Compiling streamhandler (30%)","total":26,"progress":30,"dataKind":"compile-progress","data":{"target":{"uri":"file:/home/trungdq/StreamHandler/#streamhandler/Compile"}}})[0m
[0m[[0m[0mdebug[0m] [0m[0mjsonRpcNotify: JsonRpcNotificationMessage(2.0, build/taskProgress, {"taskId":{"id":"5","parents":[]},"eventTime":1670135945834,"message":"Compiling streamhandler (30%)","total":26,"progress":30,"dataKind":"compile-progress","data":{"target":{"uri":"file:/home/trungdq/StreamHandler/#streamhandler/Compile"}}})[0m
[0m[[0m[0mdebug[0m] [0m[0mjsonRpcNotify: JsonRpcNotificationMessage(2.0, build/taskProgress, {"taskId":{"id":"5","parents":[]},"eventTime":1670135945899,"message":"Compiling streamhandler (50%)","total":26,"progress":50,"dataKind":"compile-progress","data":{"target":{"uri":"file:/home/trungdq/StreamHandler/#streamhandler/Compile"}}})[0m
[0m[[0m[0mdebug[0m] [0m[0mjsonRpcNotify: JsonRpcNotificationMessage(2.0, build/taskProgress, {"taskId":{"id":"5","parents":[]},"eventTime":1670135945900,"message":"Compiling streamhandler (50%)","total":26,"progress":50,"dataKind":"compile-progress","data":{"target":{"uri":"file:/home/trungdq/StreamHandler/#streamhandler/Compile"}}})[0m
[0m[[0m[0mdebug[0m] [0m[0mjsonRpcNotify: JsonRpcNotificationMessage(2.0, build/taskProgress, {"taskId":{"id":"5","parents":[]},"eventTime":1670135946106,"message":"Compiling streamhandler (65%)","total":26,"progress":65,"dataKind":"compile-progress","data":{"target":{"uri":"file:/home/trungdq/StreamHandler/#streamhandler/Compile"}}})[0m
[0m[[0m[0mdebug[0m] [0m[0mjsonRpcNotify: JsonRpcNotificationMessage(2.0, build/taskProgress, {"taskId":{"id":"5","parents":[]},"eventTime":1670135946107,"message":"Compiling streamhandler (65%)","total":26,"progress":65,"dataKind":"compile-progress","data":{"target":{"uri":"file:/home/trungdq/StreamHandler/#streamhandler/Compile"}}})[0m
[0m[[0m[0mdebug[0m] [0m[0mjsonRpcNotify: JsonRpcNotificationMessage(2.0, build/taskProgress, {"taskId":{"id":"5","parents":[]},"eventTime":1670135946116,"message":"Compiling streamhandler (80%)","total":26,"progress":80,"dataKind":"compile-progress","data":{"target":{"uri":"file:/home/trungdq/StreamHandler/#streamhandler/Compile"}}})[0m
[0m[[0m[0mdebug[0m] [0m[0mjsonRpcNotify: JsonRpcNotificationMessage(2.0, build/taskProgress, {"taskId":{"id":"5","parents":[]},"eventTime":1670135946118,"message":"Compiling streamhandler (80%)","total":26,"progress":80,"dataKind":"compile-progress","data":{"target":{"uri":"file:/home/trungdq/StreamHandler/#streamhandler/Compile"}}})[0m
[0m[[0m[0mdebug[0m] [0m[0mjsonRpcNotify: JsonRpcNotificationMessage(2.0, build/taskProgress, {"taskId":{"id":"5","parents":[]},"eventTime":1670135946248,"message":"Compiling streamhandler (100%)","total":26,"progress":100,"dataKind":"compile-progress","data":{"target":{"uri":"file:/home/trungdq/StreamHandler/#streamhandler/Compile"}}})[0m
[0m[[0m[0mdebug[0m] [0m[0mjsonRpcNotify: JsonRpcNotificationMessage(2.0, build/taskProgress, {"taskId":{"id":"5","parents":[]},"eventTime":1670135946248,"message":"Compiling streamhandler (100%)","total":26,"progress":100,"dataKind":"compile-progress","data":{"target":{"uri":"file:/home/trungdq/StreamHandler/#streamhandler/Compile"}}})[0m
[0m[[0m[0mdebug[0m] [0m[0mjsonRpcNotify: JsonRpcNotificationMessage(2.0, build/taskFinish, {"taskId":{"id":"5","parents":[]},"eventTime":1670135946272,"message":"Compiled streamhandler","status":1,"dataKind":"compile-report","data":{"target":{"uri":"file:/home/trungdq/StreamHandler/#streamhandler/Compile"},"errors":0,"warnings":0,"time":1819}})[0m
[0m[[0m[0mdebug[0m] [0m[0mjsonRpcNotify: JsonRpcNotificationMessage(2.0, build/taskStart, {"taskId":{"id":"6","parents":[]},"eventTime":1670135946294,"message":"Compiling streamhandler-test","dataKind":"compile-task","data":{"target":{"uri":"file:/home/trungdq/StreamHandler/#streamhandler/Test"}}})[0m
[0m[[0m[0mdebug[0m] [0m[0mjsonRpcNotify: JsonRpcNotificationMessage(2.0, build/taskFinish, {"taskId":{"id":"6","parents":[]},"eventTime":1670135946313,"message":"Compiled streamhandler-test","status":1,"dataKind":"compile-report","data":{"target":{"uri":"file:/home/trungdq/StreamHandler/#streamhandler/Test"},"errors":0,"warnings":0,"time":19}})[0m
[0m[[0m[32msuccess[0m] [0m[0mTotal time: 3 s, completed Dec 4, 2022 1:39:06 PM[0m
[0m[[0m[0mdebug[0m] [0m[0munmatched Done event for requestId None: None[0m
[0m[[0m[0mdebug[0m] [0m[0m> Exec(collectAnalyses, None, Some(CommandSource(network-1)))[0m
[0m[[0m[0mdebug[0m] [0m[0munmatched Processing event for requestId None: None[0m
[0m[[0m[0mdebug[0m] [0m[0mEvaluating tasks: Compile / collectAnalyses[0m
[0m[[0m[0mdebug[0m] [0m[0mRunning task... Cancel: Signal, check cycles: false, forcegc: true[0m
[0m[[0m[0mdebug[0m] [0m[0manalysis location (/home/trungdq/StreamHandler/target/scala-2.12/zinc/inc_compile_2.12.zip,true)[0m
[0m[[0m[32msuccess[0m] [0m[0mTotal time: 0 s, completed Dec 4, 2022 1:39:06 PM[0m
[0m[[0m[0mdebug[0m] [0m[0munmatched Done event for requestId None: None[0m
[0m[[0m[0mdebug[0m] [0m[0m> Exec(shell, None, None)[0m
[0m[[0m[0mdebug[0m] [0m[0mlsp-definition json request: {"textDocument":{"uri":"file:///home/trungdq/StreamHandler/src/main/scala/StreamHandler.scala"},"position":{"line":42,"character":50}}[0m
[0m[[0m[0mdebug[0m] [0m[0mlsp-definition found line:             .withColumnRenamed("last_name", "lastLame")[0m
[0m[[0m[0mdebug[0m] [0m[0mUnhandled notification received: $/cancelRequest: JsonRpcNotificationMessage(2.0, $/cancelRequest, {"id":7})[0m
[0m[[0m[0mdebug[0m] [0m[0mlsp-definition json request: {"textDocument":{"uri":"file:///home/trungdq/StreamHandler/src/main/scala/StreamHandler.scala"},"position":{"line":41,"character":40}}[0m
[0m[[0m[0mdebug[0m] [0m[0mlsp-definition found line:             .withColumnRenamed("fist_name", "firstName")[0m
[0m[[0m[0mdebug[0m] [0m[0msymbol lastLame[0m
[0m[[0m[0mdebug[0m] [0m[0mlsp-definition potentials: Set()[0m
[0m[[0m[0mdebug[0m] [0m[0mlsp-definition locations Vector()[0m
[0m[[0m[0mdebug[0m] [0m[0msymbol fist_name[0m
[0m[[0m[0mdebug[0m] [0m[0mlsp-definition potentials: Set()[0m
[0m[[0m[0mdebug[0m] [0m[0mlsp-definition locations Vector()[0m
