[0m[[0m[0mdebug[0m] [0m[0m> Exec(;Test/compile; collectAnalyses, None, Some(CommandSource(network-1)))[0m
[0m[[0m[0mdebug[0m] [0m[0munmatched Processing event for requestId None: None[0m
[0m[[0m[0mdebug[0m] [0m[0munmatched Done event for requestId None: None[0m
[0m[[0m[0mdebug[0m] [0m[0m> Exec(Test/compile, None, Some(CommandSource(network-1)))[0m
[0m[[0m[0mdebug[0m] [0m[0munmatched Processing event for requestId None: None[0m
[0m[[0m[0mdebug[0m] [0m[0mEvaluating tasks: Test / compile[0m
[0m[[0m[0mdebug[0m] [0m[0mRunning task... Cancel: Signal, check cycles: false, forcegc: true[0m
[0m[[0m[0mdebug[0m] [0m[0mjsonRpcNotify: JsonRpcNotificationMessage(2.0, build/taskStart, {"taskId":{"id":"1","parents":[]},"eventTime":1670137340564,"message":"Compiling streamhandler","dataKind":"compile-task","data":{"target":{"uri":"file:/home/trungdq/StreamHandler/#streamhandler/Compile"}}})[0m
[0m[[0m[0minfo[0m] [0m[0mcompiling 1 Scala source to /home/trungdq/StreamHandler/target/scala-2.12/classes ...[0m
[0m[[0m[0mdebug[0m] [0m[0mjsonRpcNotify: JsonRpcNotificationMessage(2.0, build/logMessage, {"type":3,"message":"compiling 1 Scala source to /home/trungdq/StreamHandler/target/scala-2.12/classes ..."})[0m
[0m[[0m[0mdebug[0m] [0m[0mjsonRpcNotify: JsonRpcNotificationMessage(2.0, build/taskProgress, {"taskId":{"id":"1","parents":[]},"eventTime":1670137345932,"message":"Compiling streamhandler (15%)","total":26,"progress":15,"dataKind":"compile-progress","data":{"target":{"uri":"file:/home/trungdq/StreamHandler/#streamhandler/Compile"}}})[0m
[0m[[0m[0mdebug[0m] [0m[0mjsonRpcNotify: JsonRpcNotificationMessage(2.0, build/taskProgress, {"taskId":{"id":"1","parents":[]},"eventTime":1670137345939,"message":"Compiling streamhandler (15%)","total":26,"progress":15,"dataKind":"compile-progress","data":{"target":{"uri":"file:/home/trungdq/StreamHandler/#streamhandler/Compile"}}})[0m
[0m[[0m[0mdebug[0m] [0m[0mjsonRpcNotify: JsonRpcNotificationMessage(2.0, build/taskProgress, {"taskId":{"id":"1","parents":[]},"eventTime":1670137346056,"message":"Compiling streamhandler (30%)","total":26,"progress":30,"dataKind":"compile-progress","data":{"target":{"uri":"file:/home/trungdq/StreamHandler/#streamhandler/Compile"}}})[0m
[0m[[0m[0mdebug[0m] [0m[0mjsonRpcNotify: JsonRpcNotificationMessage(2.0, build/taskProgress, {"taskId":{"id":"1","parents":[]},"eventTime":1670137346057,"message":"Compiling streamhandler (30%)","total":26,"progress":30,"dataKind":"compile-progress","data":{"target":{"uri":"file:/home/trungdq/StreamHandler/#streamhandler/Compile"}}})[0m
[0m[[0m[0mdebug[0m] [0m[0mjsonRpcNotify: JsonRpcNotificationMessage(2.0, build/taskProgress, {"taskId":{"id":"1","parents":[]},"eventTime":1670137346413,"message":"Compiling streamhandler (50%)","total":26,"progress":50,"dataKind":"compile-progress","data":{"target":{"uri":"file:/home/trungdq/StreamHandler/#streamhandler/Compile"}}})[0m
[0m[[0m[0mdebug[0m] [0m[0mjsonRpcNotify: JsonRpcNotificationMessage(2.0, build/taskProgress, {"taskId":{"id":"1","parents":[]},"eventTime":1670137346414,"message":"Compiling streamhandler (50%)","total":26,"progress":50,"dataKind":"compile-progress","data":{"target":{"uri":"file:/home/trungdq/StreamHandler/#streamhandler/Compile"}}})[0m
[0m[[0m[0mdebug[0m] [0m[0mjsonRpcNotify: JsonRpcNotificationMessage(2.0, build/taskProgress, {"taskId":{"id":"1","parents":[]},"eventTime":1670137347258,"message":"Compiling streamhandler (65%)","total":26,"progress":65,"dataKind":"compile-progress","data":{"target":{"uri":"file:/home/trungdq/StreamHandler/#streamhandler/Compile"}}})[0m
[0m[[0m[0mdebug[0m] [0m[0mjsonRpcNotify: JsonRpcNotificationMessage(2.0, build/taskProgress, {"taskId":{"id":"1","parents":[]},"eventTime":1670137347258,"message":"Compiling streamhandler (65%)","total":26,"progress":65,"dataKind":"compile-progress","data":{"target":{"uri":"file:/home/trungdq/StreamHandler/#streamhandler/Compile"}}})[0m
[0m[[0m[0mdebug[0m] [0m[0mjsonRpcNotify: JsonRpcNotificationMessage(2.0, build/taskProgress, {"taskId":{"id":"1","parents":[]},"eventTime":1670137347304,"message":"Compiling streamhandler (80%)","total":26,"progress":80,"dataKind":"compile-progress","data":{"target":{"uri":"file:/home/trungdq/StreamHandler/#streamhandler/Compile"}}})[0m
[0m[[0m[0mdebug[0m] [0m[0mjsonRpcNotify: JsonRpcNotificationMessage(2.0, build/taskProgress, {"taskId":{"id":"1","parents":[]},"eventTime":1670137347305,"message":"Compiling streamhandler (80%)","total":26,"progress":80,"dataKind":"compile-progress","data":{"target":{"uri":"file:/home/trungdq/StreamHandler/#streamhandler/Compile"}}})[0m
[0m[[0m[0mdebug[0m] [0m[0mjsonRpcNotify: JsonRpcNotificationMessage(2.0, build/taskProgress, {"taskId":{"id":"1","parents":[]},"eventTime":1670137347602,"message":"Compiling streamhandler (100%)","total":26,"progress":100,"dataKind":"compile-progress","data":{"target":{"uri":"file:/home/trungdq/StreamHandler/#streamhandler/Compile"}}})[0m
[0m[[0m[0mdebug[0m] [0m[0mjsonRpcNotify: JsonRpcNotificationMessage(2.0, build/taskProgress, {"taskId":{"id":"1","parents":[]},"eventTime":1670137347603,"message":"Compiling streamhandler (100%)","total":26,"progress":100,"dataKind":"compile-progress","data":{"target":{"uri":"file:/home/trungdq/StreamHandler/#streamhandler/Compile"}}})[0m
[0m[[0m[0mdebug[0m] [0m[0mjsonRpcNotify: JsonRpcNotificationMessage(2.0, build/publishDiagnostics, {"textDocument":{"uri":"file:///home/trungdq/StreamHandler/src/main/scala/StreamHandler.scala"},"buildTarget":{"uri":"file:/home/trungdq/StreamHandler/#streamhandler/Compile"},"diagnostics":[],"reset":true})[0m
[0m[[0m[0mdebug[0m] [0m[0mjsonRpcNotify: JsonRpcNotificationMessage(2.0, build/taskFinish, {"taskId":{"id":"1","parents":[]},"eventTime":1670137347620,"message":"Compiled streamhandler","status":1,"dataKind":"compile-report","data":{"target":{"uri":"file:/home/trungdq/StreamHandler/#streamhandler/Compile"},"errors":0,"warnings":0,"time":7056}})[0m
[0m[[0m[0mdebug[0m] [0m[0mjsonRpcNotify: JsonRpcNotificationMessage(2.0, build/taskStart, {"taskId":{"id":"2","parents":[]},"eventTime":1670137347703,"message":"Compiling streamhandler-test","dataKind":"compile-task","data":{"target":{"uri":"file:/home/trungdq/StreamHandler/#streamhandler/Test"}}})[0m
[0m[[0m[0mdebug[0m] [0m[0mjsonRpcNotify: JsonRpcNotificationMessage(2.0, build/taskFinish, {"taskId":{"id":"2","parents":[]},"eventTime":1670137347727,"message":"Compiled streamhandler-test","status":1,"dataKind":"compile-report","data":{"target":{"uri":"file:/home/trungdq/StreamHandler/#streamhandler/Test"},"errors":0,"warnings":0,"time":24}})[0m
[0m[[0m[32msuccess[0m] [0m[0mTotal time: 8 s, completed Dec 4, 2022 2:02:28 PM[0m
[0m[[0m[0mdebug[0m] [0m[0munmatched Done event for requestId None: None[0m
[0m[[0m[0mdebug[0m] [0m[0m> Exec(collectAnalyses, None, Some(CommandSource(network-1)))[0m
[0m[[0m[0mdebug[0m] [0m[0munmatched Processing event for requestId None: None[0m
[0m[[0m[0mdebug[0m] [0m[0mEvaluating tasks: Compile / collectAnalyses[0m
[0m[[0m[0mdebug[0m] [0m[0mRunning task... Cancel: Signal, check cycles: false, forcegc: true[0m
[0m[[0m[0mdebug[0m] [0m[0manalysis location (/home/trungdq/StreamHandler/target/scala-2.12/zinc/inc_compile_2.12.zip,true)[0m
[0m[[0m[32msuccess[0m] [0m[0mTotal time: 0 s, completed Dec 4, 2022 2:02:28 PM[0m
[0m[[0m[0mdebug[0m] [0m[0munmatched Done event for requestId None: None[0m
[0m[[0m[0mdebug[0m] [0m[0m> Exec(shell, None, None)[0m
[0m[[0m[0mdebug[0m] [0m[0mUnhandled request received: shutdown: JsonRpcRequestMessage(2.0, ♨1, shutdown, null})[0m
